This is pdfTeX, Version 3.1415926-2.3-1.40.12 (TeX Live 2011/Fink) (format=pdflatex 2014.1.18)  21 FEB 2014 09:31
entering extended mode
 restricted \write18 enabled.
 %&-line parsing enabled.
**abcl.tex
(./abcl.tex
LaTeX2e <2009/09/24>
Babel <v3.8l> and hyphenation patterns for english, dumylang, nohyphenation, ge
rman-x-2009-06-19, ngerman-x-2009-06-19, afrikaans, ancientgreek, ibycus, arabi
c, armenian, basque, bulgarian, catalan, pinyin, coptic, croatian, czech, danis
h, dutch, ukenglish, usenglishmax, esperanto, estonian, ethiopic, farsi, finnis
h, french, galician, german, ngerman, swissgerman, monogreek, greek, hungarian,
 icelandic, assamese, bengali, gujarati, hindi, kannada, malayalam, marathi, or
iya, panjabi, tamil, telugu, indonesian, interlingua, irish, italian, kurmanji,
 lao, latin, latvian, lithuanian, mongolian, mongolianlmc, bokmal, nynorsk, pol
ish, portuguese, romanian, russian, sanskrit, serbian, serbianc, slovak, sloven
ian, spanish, swedish, turkish, turkmen, ukrainian, uppersorbian, welsh, loaded
.
(/sw/share/texmf-dist/tex/latex/base/book.cls
Document Class: book 2007/10/19 v1.4h Standard LaTeX document class
(/sw/share/texmf-dist/tex/latex/base/bk10.clo
File: bk10.clo 2007/10/19 v1.4h Standard LaTeX file (size option)
)
\c@part=\count79
\c@chapter=\count80
\c@section=\count81
\c@subsection=\count82
\c@subsubsection=\count83
\c@paragraph=\count84
\c@subparagraph=\count85
\c@figure=\count86
\c@table=\count87
\abovecaptionskip=\skip41
\belowcaptionskip=\skip42
\bibindent=\dimen102
) (./abcl.sty
(/sw/share/texmf-dist/tex/latex/graphics/color.sty
Package: color 2005/11/14 v1.0j Standard LaTeX Color (DPC)

(/sw/share/texmf-dist/tex/latex/latexconfig/color.cfg
File: color.cfg 2007/01/18 v1.5 color configuration of teTeX/TeXLive
)
Package color Info: Driver file: pdftex.def on input line 130.

(/sw/share/texmf-dist/tex/latex/pdftex-def/pdftex.def
File: pdftex.def 2011/05/27 v0.06d Graphics/color for pdfTeX

(/sw/share/texmf-dist/tex/generic/oberdiek/infwarerr.sty
Package: infwarerr 2010/04/08 v1.3 Providing info/warning/message (HO)
)
(/sw/share/texmf-dist/tex/generic/oberdiek/ltxcmds.sty
Package: ltxcmds 2011/04/18 v1.20 LaTeX kernel commands for general use (HO)
)
\Gread@gobject=\count88
))
(/sw/share/texmf-dist/tex/latex/hyperref/hyperref.sty
Package: hyperref 2011/04/17 v6.82g Hypertext links for LaTeX

(/sw/share/texmf-dist/tex/generic/oberdiek/hobsub-hyperref.sty
Package: hobsub-hyperref 2011/04/23 v1.4 Bundle oberdiek, subset hyperref (HO)

(/sw/share/texmf-dist/tex/generic/oberdiek/hobsub-generic.sty
Package: hobsub-generic 2011/04/23 v1.4 Bundle oberdiek, subset generic (HO)
Package: hobsub 2011/04/23 v1.4 Subsetting bundle oberdiek (HO)
Package hobsub Info: Skipping package `infwarerr' (already loaded).
Package hobsub Info: Skipping package `ltxcmds' (already loaded).
Package: ifluatex 2010/03/01 v1.3 Provides the ifluatex switch (HO)
Package ifluatex Info: LuaTeX not detected.
Package: ifvtex 2010/03/01 v1.5 Switches for detecting VTeX and its modes (HO)
Package ifvtex Info: VTeX not detected.
Package: intcalc 2007/09/27 v1.1 Expandable integer calculations (HO)
Package: ifpdf 2011/01/30 v2.3 Provides the ifpdf switch (HO)
Package ifpdf Info: pdfTeX in PDF mode is detected.
Package: etexcmds 2011/02/16 v1.5 Prefix for e-TeX command names (HO)
Package etexcmds Info: Could not find \expanded.
(etexcmds)             That can mean that you are not using pdfTeX 1.50 or
(etexcmds)             that some package has redefined \expanded.
(etexcmds)             In the latter case, load this package earlier.
Package: kvsetkeys 2011/04/07 v1.13 Key value parser (HO)
Package: kvdefinekeys 2011/04/07 v1.3 Defining keys (HO)
Package: pdftexcmds 2011/04/22 v0.16 Utilities of pdfTeX for LuaTeX (HO)
Package pdftexcmds Info: LuaTeX not detected.
Package pdftexcmds Info: \pdf@primitive is available.
Package pdftexcmds Info: \pdf@ifprimitive is available.
Package pdftexcmds Info: \pdfdraftmode found.
Package: pdfescape 2011/04/04 v1.12 Provides string conversions (HO)
Package: bigintcalc 2011/01/30 v1.2 Expandable big integer calculations (HO)
Package: bitset 2011/01/30 v1.1 Data type bit set (HO)
Package: uniquecounter 2011/01/30 v1.2 Provides unlimited unique counter (HO)
)
Package hobsub Info: Skipping package `hobsub' (already loaded).
Package: letltxmacro 2010/09/02 v1.4 Let assignment for LaTeX macros (HO)
Package: hopatch 2011/01/30 v1.0 Wrapper for package hooks (HO)
Package: xcolor-patch 2011/01/30 xcolor patch
Package: atveryend 2011/04/23 v1.7 Hooks at very end of document (HO)
Package atveryend Info: \enddocument detected (standard).
Package: atbegshi 2011/01/30 v1.15 At begin shipout hook (HO)
Package: refcount 2010/12/01 v3.2 Data extraction from references (HO)
Package: hycolor 2011/01/30 v1.7 Color options of hyperref/bookmark (HO)
)
(/sw/share/texmf-dist/tex/latex/graphics/keyval.sty
Package: keyval 1999/03/16 v1.13 key=value parser (DPC)
\KV@toks@=\toks14
)
(/sw/share/texmf-dist/tex/generic/ifxetex/ifxetex.sty
Package: ifxetex 2010/09/12 v0.6 Provides ifxetex conditional
)
(/sw/share/texmf-dist/tex/latex/oberdiek/kvoptions.sty
Package: kvoptions 2010/12/23 v3.10 Keyval support for LaTeX options (HO)
)
\@linkdim=\dimen103
\Hy@linkcounter=\count89
\Hy@pagecounter=\count90

(/sw/share/texmf-dist/tex/latex/hyperref/pd1enc.def
File: pd1enc.def 2011/04/17 v6.82g Hyperref: PDFDocEncoding definition (HO)
)
\Hy@SavedSpaceFactor=\count91

(/sw/share/texmf-dist/tex/latex/latexconfig/hyperref.cfg
File: hyperref.cfg 2002/06/06 v1.2 hyperref configuration of TeXLive
)
Package hyperref Info: Hyper figures OFF on input line 4026.
Package hyperref Info: Link nesting OFF on input line 4031.
Package hyperref Info: Hyper index ON on input line 4034.
Package hyperref Info: Plain pages OFF on input line 4041.
Package hyperref Info: Backreferencing OFF on input line 4046.
Package hyperref Info: Implicit mode ON; LaTeX internals redefined.
Package hyperref Info: Bookmarks ON on input line 4264.
\c@Hy@tempcnt=\count92

(/sw/share/texmf-dist/tex/latex/url/url.sty
\Urlmuskip=\muskip10
Package: url 2006/04/12  ver 3.3  Verb mode for urls, etc.
)
LaTeX Info: Redefining \url on input line 4617.
\Fld@menulength=\count93
\Field@Width=\dimen104
\Fld@charsize=\dimen105
Package hyperref Info: Hyper figures OFF on input line 5701.
Package hyperref Info: Link nesting OFF on input line 5706.
Package hyperref Info: Hyper index ON on input line 5709.
Package hyperref Info: backreferencing OFF on input line 5716.
Package hyperref Info: Link coloring OFF on input line 5721.
Package hyperref Info: Link coloring with OCG OFF on input line 5726.
Package hyperref Info: PDF/A mode OFF on input line 5731.
LaTeX Info: Redefining \ref on input line 5771.
LaTeX Info: Redefining \pageref on input line 5775.
\Hy@abspage=\count94
\c@Item=\count95
\c@Hfootnote=\count96
)

Package hyperref Message: Driver (autodetected): hpdftex.

(/sw/share/texmf-dist/tex/latex/hyperref/hpdftex.def
File: hpdftex.def 2011/04/17 v6.82g Hyperref driver for pdfTeX
\Fld@listcount=\count97
\c@bookmark@seq@number=\count98

(/sw/share/texmf-dist/tex/latex/oberdiek/rerunfilecheck.sty
Package: rerunfilecheck 2011/04/15 v1.7 Rerun checks for auxiliary files (HO)
Package uniquecounter Info: New unique counter `rerunfilecheck' on input line 2
82.
)
\Hy@SectionHShift=\skip43
)
Package hyperref Info: Option `colorlinks' set `true' on input line 11.
Package hyperref Info: Option `breaklinks' set `true' on input line 11.

(/sw/share/texmf-dist/tex/latex/a4wide/a4wide.sty
Package: a4wide 1994/08/30

(/sw/share/texmf-dist/tex/latex/ntgclass/a4.sty
Package: a4 2004/04/15 v1.2g A4 based page layout
))
(/sw/share/texmf-dist/tex/latex/listings/listings.sty
\lst@mode=\count99
\lst@gtempboxa=\box26
\lst@token=\toks15
\lst@length=\count100
\lst@currlwidth=\dimen106
\lst@column=\count101
\lst@pos=\count102
\lst@lostspace=\dimen107
\lst@width=\dimen108
\lst@newlines=\count103
\lst@lineno=\count104
\lst@maxwidth=\dimen109

(/sw/share/texmf-dist/tex/latex/listings/lstmisc.sty
File: lstmisc.sty 2007/02/22 1.4 (Carsten Heinz)
\c@lstnumber=\count105
\lst@skipnumbers=\count106
\lst@framebox=\box27
)
(/sw/share/texmf-dist/tex/latex/listings/listings.cfg
File: listings.cfg 2007/02/22 1.4 listings configuration
))
Package: listings 2007/02/22 1.4 (Carsten Heinz)

(/sw/share/texmf-dist/tex/latex/tools/verbatim.sty
Package: verbatim 2003/08/22 v1.5q LaTeX2e package for verbatim enhancements
\every@verbatim=\toks16
\verbatim@line=\toks17
\verbatim@in@stream=\read1
)
(/sw/share/texmf-dist/tex/latex/changepage/changepage.sty
Package: changepage 2009/10/20 v1.0c check page and change page layout
\c@cp@cntr=\count107
\cp@tempcnt=\count108
)
(/sw/share/texmf-dist/tex/latex/base/makeidx.sty
Package: makeidx 2000/03/29 v1.0m Standard LaTeX package
)
\@indexfile=\write3
\openout3 = `abcl.idx'.


Writing index file abcl.idx
Package: abcl 
) (./abcl.aux (./java.aux) (./threads.aux) (./extensions.aux)

LaTeX Warning: Label `EXTENSIONS:URL-PATHNAME' multiply defined.


LaTeX Warning: Label `EXTENSIONS:JAR-PATHNAME' multiply defined.


LaTeX Warning: Label `EXTENSIONS:URL-PATHNAME-SCHEME' multiply defined.


LaTeX Warning: Label `EXTENSIONS:URL-PATHNAME-FRAGMENT' multiply defined.


LaTeX Warning: Label `EXTENSIONS:URL-PATHNAME-AUTHORITY' multiply defined.


LaTeX Warning: Label `EXTENSIONS:PATHNAME-URL-P' multiply defined.


LaTeX Warning: Label `EXTENSIONS:URL-PATHNAME-QUERY' multiply defined.

(./mop.aux) (./system.aux

LaTeX Warning: Label `SYSTEM:STANDARD-INSTANCE-ACCESS' multiply defined.


LaTeX Warning: Label `EXTENSIONS:PRECOMPILE' multiply defined.


LaTeX Warning: Label `SYSTEM:SLOT-DEFINITION' multiply defined.

) (./jss.aux))
\openout1 = `abcl.aux'.

LaTeX Font Info:    Checking defaults for OML/cmm/m/it on input line 9.
LaTeX Font Info:    ... okay on input line 9.
LaTeX Font Info:    Checking defaults for T1/cmr/m/n on input line 9.
LaTeX Font Info:    ... okay on input line 9.
LaTeX Font Info:    Checking defaults for OT1/cmr/m/n on input line 9.
LaTeX Font Info:    ... okay on input line 9.
LaTeX Font Info:    Checking defaults for OMS/cmsy/m/n on input line 9.
LaTeX Font Info:    ... okay on input line 9.
LaTeX Font Info:    Checking defaults for OMX/cmex/m/n on input line 9.
LaTeX Font Info:    ... okay on input line 9.
LaTeX Font Info:    Checking defaults for U/cmr/m/n on input line 9.
LaTeX Font Info:    ... okay on input line 9.
LaTeX Font Info:    Checking defaults for PD1/pdf/m/n on input line 9.
LaTeX Font Info:    ... okay on input line 9.
 (/sw/share/texmf-dist/tex/context/base/supp-pdf.mkii
[Loading MPS to PDF converter (version 2006.09.02).]
\scratchcounter=\count109
\scratchdimen=\dimen110
\scratchbox=\box28
\nofMPsegments=\count110
\nofMParguments=\count111
\everyMPshowfont=\toks18
\MPscratchCnt=\count112
\MPscratchDim=\dimen111
\MPnumerator=\count113
\makeMPintoPDFobject=\count114
\everyMPtoPDFconversion=\toks19
)
\AtBeginShipoutBox=\box29
Package hyperref Info: Link coloring ON on input line 9.
 (/sw/share/texmf-dist/tex/latex/hyperref/nameref.sty
Package: nameref 2010/04/30 v2.40 Cross-referencing by name of section

(/sw/share/texmf-dist/tex/generic/oberdiek/gettitlestring.sty
Package: gettitlestring 2010/12/03 v1.4 Cleanup title references (HO)
)
\c@section@level=\count115
)
LaTeX Info: Redefining \ref on input line 9.
LaTeX Info: Redefining \pageref on input line 9.
LaTeX Info: Redefining \nameref on input line 9.
 (./abcl.out)
(./abcl.out)
\@outlinefile=\write4
\openout4 = `abcl.out'.

\c@lstlisting=\count116
LaTeX Font Info:    External font `cmex10' loaded for size
(Font)              <12> on input line 18.
LaTeX Font Info:    External font `cmex10' loaded for size
(Font)              <8> on input line 18.
LaTeX Font Info:    External font `cmex10' loaded for size
(Font)              <6> on input line 18.
 [1


{/sw/var/lib/texmf/fonts/map/pdftex/updmap/pdftex.map}] [2

]
(./abcl.toc
LaTeX Font Info:    External font `cmex10' loaded for size
(Font)              <7> on input line 1.
LaTeX Font Info:    External font `cmex10' loaded for size
(Font)              <5> on input line 1.
 [3])
\tf@toc=\write5
\openout5 = `abcl.toc'.

 [4]
Chapter 1.
LaTeX Font Info:    Try loading font information for OMS+cmr on input line 45.
(/sw/share/texmf-dist/tex/latex/base/omscmr.fd
File: omscmr.fd 1999/05/25 v2.5h Standard LaTeX font definitions
)
LaTeX Font Info:    Font shape `OMS/cmr/m/n' in size <10> not available
(Font)              Font shape `OMS/cmsy/m/n' tried instead on input line 45.
Missing character: There is no â in font cmr8!
Missing character: There is no € in font cmr8!
Missing character: There is no ¦ in font cmr8!
 [5

]

LaTeX Warning: Citation `nio' on page 6 undefined on input line 121.

[6]
Chapter 2.
(/sw/share/texmf-dist/tex/latex/listings/lstlang1.sty
File: lstlang1.sty 2004/09/05 1.3 listings language file
)
LaTeX Font Info:    Font shape `OT1/cmtt/bx/n' in size <10> not available
(Font)              Font shape `OT1/cmtt/m/n' tried instead on input line 193.
 [7

] [8]
Chapter 3.
[9

] (/sw/share/texmf-dist/tex/latex/listings/lstlang1.sty
File: lstlang1.sty 2004/09/05 1.3 listings language file
)
Overfull \hbox (3.81293pt too wide) in paragraph at lines 325--326
[][][][][][][][][][][][][][][][][][][][][][][][][][][][] 
 []


Overfull \hbox (22.71289pt too wide) in paragraph at lines 327--328
[][][][][][][][][][][][][][][][][][] 
 []

(/sw/share/texmf-dist/tex/latex/listings/lstlang1.sty
File: lstlang1.sty 2004/09/05 1.3 listings language file
)
(/sw/share/texmf-dist/tex/latex/listings/lstlang2.sty
File: lstlang2.sty 2004/09/05 1.3 listings language file
) [10] [11]
Overfull \hbox (54.21283pt too wide) in paragraph at lines 515--516
[][][][][][][][][][][][][][][][][][][][][][][][][][][][][][][][][][][][][] 
 []


Overfull \hbox (10.11292pt too wide) in paragraph at lines 518--519
[][][][][][][][][][][][][][][][][][][] 
 []

[12]
Overfull \hbox (51.77336pt too wide) in paragraph at lines 615--623
\OT1/cmr/m/n/10 ing the \OT1/cmtt/m/n/10 AbclScriptEngineFactory \OT1/cmr/m/n/1
0 or by us-ing the ser-vice provider mech-a-nism through \OT1/cmtt/m/n/10 Scrip
tEngineManager
 []

[13]
Overfull \hbox (1.79208pt too wide) in paragraph at lines 653--655
[]\OT1/cmr/m/n/10 The di-rec-tory where Swank is in-stalled. Must be set if \OT
1/cmtt/m/n/10 *launch-swank-at-startup*
 []


Overfull \hbox (48.98656pt too wide) in paragraph at lines 655--658
[]\OT1/cmr/m/n/10 The port where Swank will lis-ten for con-nec-tions. Must be 
set if \OT1/cmtt/m/n/10 *launch-swank-at-startup*
 []


Overfull \hbox (4.2739pt too wide) in paragraph at lines 668--676
\OT1/cmr/m/n/10 Code is read and eval-u-ated in the pack-age \OT1/cmtt/m/n/10 A
BCL-SCRIPT-USER\OT1/cmr/m/n/10 . This pack-ages \OT1/cmtt/m/n/10 USE\OT1/cmr/m/
n/10 s the \OT1/cmtt/m/n/10 COMMON-LISP\OT1/cmr/m/n/10 ,
 []


Overfull \hbox (75.70952pt too wide) in paragraph at lines 693--712
\OT1/cmr/m/n/10 ports com-pi-la-tion us-ing tem-po-rary files. Com-piled code, 
re-turned as an in-stance of \OT1/cmtt/m/n/10 javax.script.CompiledScript\OT1/c
mr/m/n/10 ,
 []

[14]
Overfull \hbox (28.2455pt too wide) in paragraph at lines 715--724
\OT1/cmr/m/n/10 Thus, the method \OT1/cmtt/m/n/10 invokeMethod() \OT1/cmr/m/n/1
0 is not im-ple-mented and throws an \OT1/cmtt/m/n/10 UnsupportedOperationExcep
tion
 []


Overfull \hbox (40.88481pt too wide) in paragraph at lines 762--768
[]\OT1/cmr/m/n/10 This func-tion-al-ity is ex-posed by the class \OT1/cmtt/m/n/
10 AbclScriptEngine \OT1/cmr/m/n/10 via the two meth-ods \OT1/cmtt/m/n/10 getIn
terface(Class)
 []

[15] [16]
Chapter 4.
[17

]
\openout2 = `java.aux'.

 (./java.tex [18

]
Overfull \hbox (9.56848pt too wide) in paragraph at lines 224--225
 [][] \OT1/cmr/m/n/10 --- Func-tion: \OT1/cmr/bx/n/10 jnew-runtime-class \OT1/c
mr/m/n/10 [\OT1/cmr/bx/n/10 java\OT1/cmr/m/n/10 ] \OT1/cmr/m/it/10 class-name &
rest args &key (su-per-class java.lang.Object)
 []


Overfull \hbox (32.38686pt too wide) in paragraph at lines 232--243
\OT1/cmr/m/n/10 (argument-types func-tion &op-tional super-invocation-arguments
) where argument-
 []

[19]
Overfull \hbox (20.44232pt too wide) in paragraph at lines 244--249
[]\OT1/cmr/m/n/10 Method def-i-ni-tions are lists of the form (method-name retu
rn-type argument-
 []

[20] [21]
Overfull \hbox (40.07188pt too wide) in paragraph at lines 595--599
[]\OT1/cmr/m/n/10 Deprecated. Please use JAVA:+NULL+, JAVA:+TRUE+, and JAVA:+FA
LSE+
 []

[22] [23]) [24] [25

]
\openout2 = `threads.aux'.

 (./threads.tex [26

]) [27] [28

]
\openout2 = `extensions.aux'.

 (./extensions.tex [29

]
[30] [31]
Overfull \hbox (32.44228pt too wide) in paragraph at lines 580--582
\OT1/cmr/m/n/10 Pro-cess ob-ject, and the PROCESS-INPUT, PROCESS-OUTPUT, and PR
OCESS-
 []

[32]
Overfull \hbox (19.3499pt too wide) in paragraph at lines 583--584
[]\OT1/cmr/m/n/10 c.f. http://download.oracle.com/javase/6/docs/api/java/lang/P
rocess.html 
 []

[33] [34] [35] [36]) [37] [38


]
Chapter 5.

Overfull \hbox (17.271pt too wide) in paragraph at lines 883--886
[]\OT1/cmr/m/n/10 Both the \OT1/cmtt/m/n/10 EXT:URL-PATHNAME \OT1/cmr/m/n/10 an
d \OT1/cmtt/m/n/10 EXT:JAR-PATHNAME \OT1/cmr/m/n/10 ob-jects may be used any-wh
ere a \OT1/cmtt/m/n/10 CL:PATHNAME
 []


LaTeX Warning: Citation `evenson2011' on page 39 undefined on input line 905.

[39]
Overfull \hbox (36.1063pt too wide) in paragraph at lines 924--930
\OT1/cmr/m/n/10 we ex-tend the se-man-tics for the usual PATH-NAME merge se-man
-tics when \OT1/cmtt/m/n/10 *DEFAULT-PATHNAME-DEFAULTS*
 []


LaTeX Warning: Reference `EXT:JAR-PATHNAME' on page 40 undefined on input line 
949.

[40]
Overfull \hbox (12.93993pt too wide) in paragraph at lines 1004--1006
[]\OT1/cmr/m/n/10 The op-tions to \OT1/cmtt/m/n/10 defpackage \OT1/cmr/m/n/10 a
re ex-tended with a new op-tion \OT1/cmtt/m/n/10 :local-nicknames (local-nickna
me
 []


Overfull \hbox (41.41306pt too wide) in paragraph at lines 1066--1070
[]\OT1/cmr/m/n/10 When in the des-ig-nated pack-age, calls to \OT1/cmtt/m/n/10 
find-package \OT1/cmr/m/n/10 with the \OT1/cmtt/m/n/10 local-nickname
 []

[41]
Overfull \hbox (18.64778pt too wide) in paragraph at lines 1077--1078
[]\OT1/cmr/m/n/10 --- Func-tion: \OT1/cmr/bx/n/10 remove-package-local-nickname
 \OT1/cmr/m/n/10 [\OT1/cmr/bx/n/10 ext\OT1/cmr/m/n/10 ] \OT1/cmr/m/it/10 old-ni
ckname &op-tional package-designator 
 []


Overfull \hbox (70.62pt too wide) in paragraph at lines 1128--1132
[]\OT1/cmr/m/n/10 Contrary to the AMOP spec-i-fi-ca-tion and fol-low-ing \OT1/c
mr/m/sc/10 SBCL\OT1/cmr/m/n/10 's lead, the meta-class \OT1/cmtt/m/n/10 funcall
able-standard-object
 []


Overfull \hbox (3.81293pt too wide) in paragraph at lines 1145--1146
[][][][][][][][][][][][][][][][][][][][][][][][] 
 []


Overfull \hbox (35.31287pt too wide) in paragraph at lines 1161--1162
[][][][][][][][][][][][][][][][][][][][][][][][][][][] 
 []

[42]
Overfull \hbox (0.74573pt too wide) in paragraph at lines 1187--1189
\OT1/cmr/m/n/10 The \OT1/cmtt/m/n/10 CL:REQUIRE \OT1/cmr/m/n/10 mech-a-nism is 
over-loaded by at-tach-ing these se-man-tics to the ex-e-cu-tion of \OT1/cmtt/m
/n/10 REQUIRE
 []


Overfull \hbox (4.29991pt too wide) in paragraph at lines 1192--1201
\OT1/cmr/m/n/10 cated as a load-able \OT1/cmr/m/sc/10 ASDF \OT1/cmr/m/n/10 sys-
tem \OT1/cmtt/m/n/10 (require 'cl-ppcre) \OT1/cmr/m/n/10 is equiv-a-lent to \OT
1/cmtt/m/n/10 (asdf:load-system
 []


Overfull \hbox (117.7723pt too wide) in paragraph at lines 1235--1240
[]\OT1/cmr/m/n/10 The user may ex-tend the \OT1/cmtt/m/n/10 CL:REQUIRE \OT1/cmr
/m/n/10 mech-a-nism by push-ing func-tion hooks into \OT1/cmtt/m/n/10 SYSTEM:*M
ODULE-PROVIDER-FUNCTIONS*\OT1/cmr/m/n/10 .
 []


Overfull \hbox (7.30168pt too wide) in paragraph at lines 1241--1241
[]\OT1/cmr/bx/n/14.4 JSS ex-ten-sion of the Reader by SHARPSIGN-DOUBLE-
 []

[43] [44]
Chapter 6.

Overfull \hbox (74.77414pt too wide) in paragraph at lines 1277--1282
\OT1/cmr/m/n/10 com-po-nent can also be di-rectly ma-nip-u-lated by the func-ti
on as-so-ci-ated with the \OT1/cmtt/m/n/10 ABCL-ASDF:RESOLVE-DEPENDENCIES
 []


Overfull \hbox (74.96739pt too wide) in paragraph at lines 1319--1324
[]\OT1/cmr/m/n/10 For use out-side of ASDF sys-tem def-i-ni-tions, we cur-rentl
y de-fine one method, \OT1/cmtt/m/n/10 ABCL-ASDF:RESOLVE-DEPENDENCIES
 []

[45

] [46]
Overfull \hbox (101.60645pt too wide) in paragraph at lines 1417--1423
[]\OT1/cmr/m/n/10 The \OT1/cmtt/m/n/10 require \OT1/cmr/m/n/10 of the \OT1/cmtt
/m/n/10 asdf-install \OT1/cmr/m/n/10 sym-bol has the side ef-fect of push-ing t
he di-rec-tory []\OT1/cmtt/m/n/10 ~/.asdf-install-dir/systems/
 []

[47] [48

]
Chapter 7.
[49] [50

]
Appendix A.
[51]
\openout2 = `mop.aux'.

 (./mop.tex [52

] [53] [54] [55] [56]) [57] [58


]
Appendix B.
[59]
\openout2 = `system.aux'.

 (./system.tex [60

]
Overfull \hbox (9.33665pt too wide) in paragraph at lines 184--185
 [][] \OT1/cmr/m/n/10 --- Func-tion: \OT1/cmr/bx/n/10 compile-file-if-needed \O
T1/cmr/m/n/10 [\OT1/cmr/bx/n/10 system\OT1/cmr/m/n/10 ] \OT1/cmr/m/it/10 input-
file &rest al-largs &key force-compile &allow-
 []

[61] [62] [63] [64] [65] [66] [67] [68]) [69] [70


]
Appendix C.
[71]
\openout2 = `jss.aux'.

 (./jss.tex [72

]) [73] (./abcl.bbl [74


]) (./abcl.ind [75]
Overfull \hbox (7.15172pt too wide) in paragraph at lines 40--41
[]\OT1/cmr/m/n/10 ACCESSOR-METHOD-SLOT-DEFINITION, [][]54[][] 
 []


Overfull \hbox (11.04059pt too wide) in paragraph at lines 69--70
[]\OT1/cmr/m/n/10 CANONICALIZE-DIRECT-SUPERCLASSES, [][]56[][] 
 []


Overfull \hbox (1.19328pt too wide) in paragraph at lines 77--78
[]\OT1/cmr/m/n/10 CLASS-DIRECT-DEFAULT-INITARGS, [][]55[][], [][]67[][] 
 []


Overfull \hbox (23.4017pt too wide) in paragraph at lines 96--97
[]\OT1/cmr/m/n/10 COMPILER-UNSUPPORTED-FEATURE-ERROR,
 []


Overfull \hbox (8.0545pt too wide) in paragraph at lines 98--99
[]\OT1/cmr/m/n/10 COMPUTE-APPLICABLE-METHODS-USING-
 []

[76

]
Overfull \hbox (9.86002pt too wide) in paragraph at lines 101--102
[]\OT1/cmr/m/n/10 COMPUTE-DISCRIMINATING-FUNCTION, [][]53[][] 
 []


Overfull \hbox (5.62396pt too wide) in paragraph at lines 103--104
[]\OT1/cmr/m/n/10 COMPUTE-EFFECTIVE-SLOT-DEFINITION,
 []


Overfull \hbox (16.45726pt too wide) in paragraph at lines 136--137
[]\OT1/cmr/m/n/10 ENSURE-GENERIC-FUNCTION-USING-CLASS,
 []


Overfull \hbox (7.01279pt too wide) in paragraph at lines 141--142
[]\OT1/cmr/m/n/10 ENVIRONMENT-ADD-MACRO-DEFINITION,
 []


Overfull \hbox (7.08228pt too wide) in paragraph at lines 142--143
[]\OT1/cmr/m/n/10 ENVIRONMENT-ADD-SYMBOL-BINDING, [][]63[][] 
 []


Overfull \hbox (30.34618pt too wide) in paragraph at lines 166--167
[]\OT1/cmr/m/n/10 FUNCALLABLE-STANDARD-INSTANCE-ACCESS,
 []


Overfull \hbox (39.6517pt too wide) in paragraph at lines 173--174
[]\OT1/cmr/m/n/10 GENERIC-FUNCTION-ARGUMENT-PRECEDENCE-
 []


Overfull \hbox (9.16557pt too wide) in paragraph at lines 175--176
[]\OT1/cmr/m/n/10 GENERIC-FUNCTION-DOCUMENTATION, [][]60[][] 
 []


Overfull \hbox (0.69336pt too wide) in paragraph at lines 177--178
[]\OT1/cmr/m/n/10 GENERIC-FUNCTION-METHOD-CLASS, [][]56[][],
 []


Overfull \hbox (28.74896pt too wide) in paragraph at lines 178--180
[]\OT1/cmr/m/n/10 GENERIC-FUNCTION-METHOD-COMBINATION,
 []

[77]
Overfull \hbox (9.65172pt too wide) in paragraph at lines 311--312
[]\OT1/cmr/m/n/10 MAKE-FILL-POINTER-OUTPUT-STREAM, [][]62[][] 
 []

[78]
Overfull \hbox (8.74892pt too wide) in paragraph at lines 367--368
[]\OT1/cmr/m/n/10 PACKAGE-LOCALLY-NICKNAMED-BY-LIST,
 []


Overfull \hbox (4.99892pt too wide) in paragraph at lines 397--398
[]\OT1/cmr/m/n/10 REMOVE-PACKAGE-LOCAL-NICKNAME, [][]42[][] 
 []


Overfull \hbox (8.40173pt too wide) in paragraph at lines 417--418
[]\OT1/cmr/m/n/10 SET-FUNCALLABLE-INSTANCE-FUNCTION,
 []


Overfull \hbox (62.5684pt too wide) in paragraph at lines 419--420
[]\OT1/cmr/m/n/10 SET-GENERIC-FUNCTION-ARGUMENT-PRECEDENCE-
 []


Overfull \hbox (19.86003pt too wide) in paragraph at lines 420--421
[]\OT1/cmr/m/n/10 SET-GENERIC-FUNCTION-DOCUMENTATION,
 []


Overfull \hbox (21.38782pt too wide) in paragraph at lines 421--422
[]\OT1/cmr/m/n/10 SET-GENERIC-FUNCTION-INITIAL-METHODS,
 []


Overfull \hbox (8.61003pt too wide) in paragraph at lines 422--423
[]\OT1/cmr/m/n/10 SET-GENERIC-FUNCTION-METHOD-CLASS,
 []


Overfull \hbox (6.45726pt too wide) in paragraph at lines 426--427
[]\OT1/cmr/m/n/10 SET-SLOT-DEFINITION-DOCUMENTATION,
 []

[79]
Overfull \hbox (6.1795pt too wide) in paragraph at lines 448--449
[]\OT1/cmr/m/n/10 SLOT-DEFINITION-ALLOCATION-CLASS, [][]65[][] 
 []


Overfull \hbox (20.55446pt too wide) in paragraph at lines 470--471
[]\OT1/cmr/m/n/10 SPECIALIZER-DIRECT-GENERIC-FUNCTIONS,
 []


Overfull \hbox (2.98499pt too wide) in paragraph at lines 473--474
[]\OT1/cmr/m/n/10 STANDARD-DIRECT-SLOT-DEFINITION, [][]52[][] 
 []


Overfull \hbox (9.92949pt too wide) in paragraph at lines 474--475
[]\OT1/cmr/m/n/10 STANDARD-EFFECTIVE-SLOT-DEFINITION,
 []

[80])
Package atveryend Info: Empty hook `BeforeClearDocument' on input line 1483.
Package atveryend Info: Empty hook `AfterLastShipout' on input line 1483.
 (./abcl.aux (./java.aux) (./threads.aux) (./extensions.aux) (./mop.aux)
(./system.aux) (./jss.aux))
Package atveryend Info: Executing hook `AtVeryEndDocument' on input line 1483.
Package atveryend Info: Executing hook `AtEndAfterFileList' on input line 1483.

Package rerunfilecheck Info: File `abcl.out' has not changed.
(rerunfilecheck)             Checksum: 9D753BE09D9F3002394EED684EC90106;3878.


LaTeX Warning: There were undefined references.


LaTeX Warning: There were multiply-defined labels.

Package atveryend Info: Empty hook `AtVeryVeryEnd' on input line 1483.
 ) 
Here is how much of TeX's memory you used:
 8079 strings out of 493633
 120340 string characters out of 3149115
 251972 words of memory out of 3000000
 10467 multiletter control sequences out of 15000+200000
 11221 words of font info for 40 fonts, out of 3000000 for 9000
 831 hyphenation exceptions out of 8191
 36i,8n,40p,288b,1666s stack positions out of 5000i,500n,10000p,200000b,50000s
</sw/share/texmf-dist/fonts/type1/public/amsfonts/cm/cmbx10.pfb></sw/share/te
xmf-dist/fonts/type1/public/amsfonts/cm/cmbx12.pfb></sw/share/texmf-dist/fonts/
type1/public/amsfonts/cm/cmbx8.pfb></sw/share/texmf-dist/fonts/type1/public/ams
fonts/cm/cmcsc10.pfb></sw/share/texmf-dist/fonts/type1/public/amsfonts/cm/cmitt
10.pfb></sw/share/texmf-dist/fonts/type1/public/amsfonts/cm/cmr10.pfb></sw/shar
e/texmf-dist/fonts/type1/public/amsfonts/cm/cmr12.pfb></sw/share/texmf-dist/fon
ts/type1/public/amsfonts/cm/cmr17.pfb></sw/share/texmf-dist/fonts/type1/public/
amsfonts/cm/cmr6.pfb></sw/share/texmf-dist/fonts/type1/public/amsfonts/cm/cmr7.
pfb></sw/share/texmf-dist/fonts/type1/public/amsfonts/cm/cmr8.pfb></sw/share/te
xmf-dist/fonts/type1/public/amsfonts/cm/cmsl10.pfb></sw/share/texmf-dist/fonts/
type1/public/amsfonts/cm/cmsy10.pfb></sw/share/texmf-dist/fonts/type1/public/am
sfonts/cm/cmti10.pfb></sw/share/texmf-dist/fonts/type1/public/amsfonts/cm/cmtt1
0.pfb></sw/share/texmf-dist/fonts/type1/public/amsfonts/cm/cmtt8.pfb>
Output written on abcl.pdf (80 pages, 400748 bytes).
PDF statistics:
 2135 PDF objects out of 2487 (max. 8388607)
 2016 compressed objects within 21 object streams
 813 named destinations out of 1000 (max. 500000)
 465 words of extra memory for PDF output out of 10000 (max. 10000000)

